Using pre-set license
Built from '2020.3/staging' branch; Version is '2020.3.3f1 (76626098c1c4) revision 7758432'; Using compiler version '192528614'; Build Type 'Release'
OS: 'Windows 10 Pro; OS build 19044.1288; Version 2009; 64bit' Language: 'en' Physical Memory: 16149 MB
BatchMode: 1, IsHumanControllingUs: 0, StartBugReporterOnCrash: 0, Is64bit: 1, IsPro: 0

 COMMAND LINE ARGUMENTS:
C:\Program Files\Unity\Editor\Unity.exe
-adb2
-batchMode
-noUpm
-name
AssetImportWorker0
-projectPath
C:/Users/Code Ninjas/Documents/IW-MeanyBird-repo/Iw- MeanyBird
-logFile
Logs/AssetImportWorker0.log
-srvPort
55693
Successfully changed project path to: C:/Users/Code Ninjas/Documents/IW-MeanyBird-repo/Iw- MeanyBird
C:/Users/Code Ninjas/Documents/IW-MeanyBird-repo/Iw- MeanyBird
Using Asset Import Pipeline V2.
Refreshing native plugins compatible for Editor in 49.34 ms, found 0 plugins.
Preloading 0 native plugins for Editor in 0.00 ms.
Initialize engine version: 2020.3.3f1 (76626098c1c4)
[Subsystems] Discovering subsystems at path C:/Program Files/Unity/Editor/Data/Resources/UnitySubsystems
[Subsystems] Discovering subsystems at path C:/Users/Code Ninjas/Documents/IW-MeanyBird-repo/Iw- MeanyBird/Assets
GfxDevice: creating device client; threaded=0
Direct3D:
    Version:  Direct3D 11.0 [level 11.1]
    Renderer: Intel(R) Iris(R) Xe Graphics (ID=0x9a49)
    Vendor:   
    VRAM:     8074 MB
    Driver:   27.20.100.9664
Initialize mono
Mono path[0] = 'C:/Program Files/Unity/Editor/Data/Managed'
Mono path[1] = 'C:/Program Files/Unity/Editor/Data/MonoBleedingEdge/lib/mono/unityjit'
Mono config path = 'C:/Program Files/Unity/Editor/Data/MonoBleedingEdge/etc'
Using monoOptions --debugger-agent=transport=dt_socket,embedding=1,server=y,suspend=n,address=127.0.0.1:56544
Begin MonoManager ReloadAssembly
Registering precompiled unity dll's ...
Register platform support module: C:/Program Files/Unity/Editor/Data/PlaybackEngines/WindowsStandaloneSupport/UnityEditor.WindowsStandalone.Extensions.dll
Registered in 0.002196 seconds.
Native extension for WindowsStandalone target not found
Refreshing native plugins compatible for Editor in 48.90 ms, found 0 plugins.
Preloading 0 native plugins for Editor in 0.00 ms.
Invoked RoslynAnalysisRunner static constructor.
RoslynAnalysisRunner will not be running.
RoslynAnalysisRunner has terminated.
Mono: successfully reloaded assembly
- Completed reload, in  1.783 seconds
Platform modules already initialized, skipping
Registering precompiled user dll's ...
Registered in 0.001239 seconds.
Begin MonoManager ReloadAssembly
Native extension for WindowsStandalone target not found
Refreshing native plugins compatible for Editor in 0.33 ms, found 0 plugins.
Preloading 0 native plugins for Editor in 0.00 ms.
Invoked RoslynAnalysisRunner static constructor.
RoslynAnalysisRunner will not be running.
RoslynAnalysisRunner has terminated.
Mono: successfully reloaded assembly
- Completed reload, in  1.492 seconds
Platform modules already initialized, skipping
========================================================================
Worker process is ready to serve import requests
Launched and connected shader compiler UnityShaderCompiler.exe after 0.07 seconds
Refreshing native plugins compatible for Editor in 0.24 ms, found 0 plugins.
Preloading 0 native plugins for Editor in 0.00 ms.
Unloading 1123 Unused Serialized files (Serialized files now loaded: 0)
System memory in use before: 57.1 MB.
System memory in use after: 57.2 MB.

Unloading 9 unused Assets to reduce memory usage. Loaded Objects now: 1566.
Total: 2.476800 ms (FindLiveObjects: 0.133200 ms CreateObjectMapping: 0.036200 ms MarkObjects: 2.231100 ms  DeleteObjects: 0.075100 ms)

========================================================================
Received Import Request.
  path: Assets/Prefabs/Spikes.prefab
  artifactKey: Guid(784b6a570eadceb4493690aaffdd29fa) Importer(815301076,1909f56bfc062723c751e8b465ee728b)
Start importing Assets/Prefabs/Spikes.prefab using Guid(784b6a570eadceb4493690aaffdd29fa) Importer(815301076,1909f56bfc062723c751e8b465ee728b)  -> (artifact id: '078b73779e439736dafef924ae0d21d1') in 0.217708 seconds
  Import took 0.221145 seconds .

========================================================================
Received Import Request.
  Time since last request: 0.000306 seconds.
  path: Assets/Prefabs/GameOverCanvas.prefab
  artifactKey: Guid(1fbc2b56f4b4cad41b29960ac8b40776) Importer(815301076,1909f56bfc062723c751e8b465ee728b)
Start importing Assets/Prefabs/GameOverCanvas.prefab using Guid(1fbc2b56f4b4cad41b29960ac8b40776) Importer(815301076,1909f56bfc062723c751e8b465ee728b)  -> (artifact id: 'dfed127107584b56963130001cc62d8c') in 0.051521 seconds
  Import took 0.055890 seconds .

========================================================================
Received Import Request.
  Time since last request: 0.000208 seconds.
  path: Assets/Font/upheavtt.ttf
  artifactKey: Guid(1f62d00c234245c4cb0f55b508983372) Importer(815301076,1909f56bfc062723c751e8b465ee728b)
Start importing Assets/Font/upheavtt.ttf using Guid(1f62d00c234245c4cb0f55b508983372) Importer(815301076,1909f56bfc062723c751e8b465ee728b)  -> (artifact id: '473cf4d8891a5c09301e55ca40563cbe') in 0.127547 seconds
  Import took 0.131288 seconds .

========================================================================
Received Import Request.
  Time since last request: 0.000453 seconds.
  path: Assets/Prefabs/Score Canvas.prefab
  artifactKey: Guid(dc49c544ac07fab4799df520a69aa565) Importer(815301076,1909f56bfc062723c751e8b465ee728b)
Start importing Assets/Prefabs/Score Canvas.prefab using Guid(dc49c544ac07fab4799df520a69aa565) Importer(815301076,1909f56bfc062723c751e8b465ee728b)  -> (artifact id: 'c72f2a189c340a6495ef0acdb422bc77') in 0.015480 seconds
  Import took 0.019588 seconds .

========================================================================
Received Import Request.
  Time since last request: 31.810592 seconds.
  path: Assets/IW-MeanyBird.unity
  artifactKey: Guid(9e71b3288d2054b4f93a851375646206) Importer(815301076,1909f56bfc062723c751e8b465ee728b)
Start importing Assets/IW-MeanyBird.unity using Guid(9e71b3288d2054b4f93a851375646206) Importer(815301076,1909f56bfc062723c751e8b465ee728b)  -> (artifact id: '31414570a35b6ed1ad5226dccd34cc16') in 0.012115 seconds
  Import took 0.015396 seconds .

========================================================================
Received Prepare
Registering precompiled user dll's ...
Registered in 0.001359 seconds.
Begin MonoManager ReloadAssembly
Native extension for WindowsStandalone target not found
Refreshing native plugins compatible for Editor in 0.31 ms, found 0 plugins.
Preloading 0 native plugins for Editor in 0.00 ms.
Invoked RoslynAnalysisRunner static constructor.
RoslynAnalysisRunner will not be running.
RoslynAnalysisRunner has terminated.
Mono: successfully reloaded assembly
- Completed reload, in  1.339 seconds
Platform modules already initialized, skipping
Refreshing native plugins compatible for Editor in 0.28 ms, found 0 plugins.
Preloading 0 native plugins for Editor in 0.00 ms.
Unloading 1117 Unused Serialized files (Serialized files now loaded: 0)
System memory in use before: 60.4 MB.
System memory in use after: 60.5 MB.

Unloading 5 unused Assets to reduce memory usage. Loaded Objects now: 1613.
Total: 2.812400 ms (FindLiveObjects: 0.175400 ms CreateObjectMapping: 0.048100 ms MarkObjects: 2.562000 ms  DeleteObjects: 0.025000 ms)

========================================================================
Received Import Request.
  Time since last request: 80.590844 seconds.
  path: Assets/Prefabs/GameOverCanvas.prefab
  artifactKey: Guid(1fbc2b56f4b4cad41b29960ac8b40776) Importer(815301076,1909f56bfc062723c751e8b465ee728b)
Start importing Assets/Prefabs/GameOverCanvas.prefab using Guid(1fbc2b56f4b4cad41b29960ac8b40776) Importer(815301076,1909f56bfc062723c751e8b465ee728b)  -> (artifact id: '06bbcaa65a4ba55aea467022c9ee969d') in 0.078424 seconds
  Import took 0.084014 seconds .

========================================================================
Received Import Request.
  Time since last request: 0.000552 seconds.
  path: Assets/Prefabs/Spikes.prefab
  artifactKey: Guid(784b6a570eadceb4493690aaffdd29fa) Importer(815301076,1909f56bfc062723c751e8b465ee728b)
Start importing Assets/Prefabs/Spikes.prefab using Guid(784b6a570eadceb4493690aaffdd29fa) Importer(815301076,1909f56bfc062723c751e8b465ee728b)  -> (artifact id: 'd3c02e53c6f64976bba89e2e2869f5f5') in 0.094913 seconds
  Import took 0.098466 seconds .

========================================================================
Received Import Request.
  Time since last request: 0.000446 seconds.
  path: Assets/Prefabs/Score Canvas.prefab
  artifactKey: Guid(dc49c544ac07fab4799df520a69aa565) Importer(815301076,1909f56bfc062723c751e8b465ee728b)
Start importing Assets/Prefabs/Score Canvas.prefab using Guid(dc49c544ac07fab4799df520a69aa565) Importer(815301076,1909f56bfc062723c751e8b465ee728b)  -> (artifact id: 'b34df98a8d897553bc258297bc6a04f0') in 0.007991 seconds
  Import took 0.011906 seconds .

========================================================================
Received Import Request.
  Time since last request: 0.392236 seconds.
  path: Assets/Background/Background.png
  artifactKey: Guid(b49df40512f480f4c83a4eafc90b3cf3) Importer(815301076,1909f56bfc062723c751e8b465ee728b)
Start importing Assets/Background/Background.png using Guid(b49df40512f480f4c83a4eafc90b3cf3) Importer(815301076,1909f56bfc062723c751e8b465ee728b)  -> (artifact id: '3295acbd97ecbc8c36994308b3de4426') in 0.178882 seconds
  Import took 0.182844 seconds .

========================================================================
Received Import Request.
  Time since last request: 0.000339 seconds.
  path: Assets/Background/Ground.png
  artifactKey: Guid(c5ad553d7c0301940895609b629b39de) Importer(815301076,1909f56bfc062723c751e8b465ee728b)
Start importing Assets/Background/Ground.png using Guid(c5ad553d7c0301940895609b629b39de) Importer(815301076,1909f56bfc062723c751e8b465ee728b)  -> (artifact id: '285a93cb031efe2529ac8ce8ea40b1db') in 0.031893 seconds
  Import took 0.035726 seconds .

========================================================================
Received Import Request.
  Time since last request: 105.282251 seconds.
  path: Assets/Resources/Icons
  artifactKey: Guid(3fda34184bb403c419809224191010b4) Importer(815301076,1909f56bfc062723c751e8b465ee728b)
Start importing Assets/Resources/Icons using Guid(3fda34184bb403c419809224191010b4) Importer(815301076,1909f56bfc062723c751e8b465ee728b)  -> (artifact id: 'cf5ab06a460f5cacd3738e08ad5edee9') in 0.012523 seconds
  Import took 0.017129 seconds .

========================================================================
Received Import Request.
  Time since last request: 7.875340 seconds.
  path: Assets/Sprites/Bird.png
  artifactKey: Guid(9a2efe5c432895c46bef0c905e2ac82d) Importer(815301076,1909f56bfc062723c751e8b465ee728b)
Start importing Assets/Sprites/Bird.png using Guid(9a2efe5c432895c46bef0c905e2ac82d) Importer(815301076,1909f56bfc062723c751e8b465ee728b)  -> (artifact id: 'b3445ddd2ce19b078d76e92e27d80fe0') in 0.069294 seconds
  Import took 0.074105 seconds .

========================================================================
Received Import Request.
  Time since last request: 0.000439 seconds.
  path: Assets/Sprites/Spike.png
  artifactKey: Guid(6ba64f0e3db94544882f5217a40652d4) Importer(815301076,1909f56bfc062723c751e8b465ee728b)
Start importing Assets/Sprites/Spike.png using Guid(6ba64f0e3db94544882f5217a40652d4) Importer(815301076,1909f56bfc062723c751e8b465ee728b)  -> (artifact id: '766e98040802edb80aad1a75ac5bb26e') in 0.024554 seconds
  Import took 0.028498 seconds .

========================================================================
Received Prepare
Registering precompiled user dll's ...
Registered in 0.001095 seconds.
Begin MonoManager ReloadAssembly
Native extension for WindowsStandalone target not found
Refreshing native plugins compatible for Editor in 0.33 ms, found 0 plugins.
Preloading 0 native plugins for Editor in 0.00 ms.
Invoked RoslynAnalysisRunner static constructor.
RoslynAnalysisRunner will not be running.
RoslynAnalysisRunner has terminated.
Mono: successfully reloaded assembly
- Completed reload, in  1.336 seconds
Platform modules already initialized, skipping
Refreshing native plugins compatible for Editor in 0.30 ms, found 0 plugins.
Preloading 0 native plugins for Editor in 0.00 ms.
Unloading 1117 Unused Serialized files (Serialized files now loaded: 0)
System memory in use before: 60.5 MB.
System memory in use after: 60.6 MB.

Unloading 5 unused Assets to reduce memory usage. Loaded Objects now: 1624.
Total: 3.283100 ms (FindLiveObjects: 0.213000 ms CreateObjectMapping: 0.072500 ms MarkObjects: 2.968700 ms  DeleteObjects: 0.027500 ms)

========================================================================
Received Prepare
Registering precompiled user dll's ...
Registered in 0.001046 seconds.
Begin MonoManager ReloadAssembly
Native extension for WindowsStandalone target not found
Refreshing native plugins compatible for Editor in 0.33 ms, found 0 plugins.
Preloading 0 native plugins for Editor in 0.00 ms.
Invoked RoslynAnalysisRunner static constructor.
RoslynAnalysisRunner will not be running.
RoslynAnalysisRunner has terminated.
Mono: successfully reloaded assembly
- Completed reload, in  1.368 seconds
Platform modules already initialized, skipping
Refreshing native plugins compatible for Editor in 0.31 ms, found 0 plugins.
Preloading 0 native plugins for Editor in 0.00 ms.
Unloading 1117 Unused Serialized files (Serialized files now loaded: 0)
System memory in use before: 60.5 MB.
System memory in use after: 60.6 MB.

Unloading 4 unused Assets to reduce memory usage. Loaded Objects now: 1627.
Total: 2.065800 ms (FindLiveObjects: 0.183500 ms CreateObjectMapping: 0.055600 ms MarkObjects: 1.796200 ms  DeleteObjects: 0.028600 ms)

========================================================================
Received Import Request.
  Time since last request: 72.375205 seconds.
  path: Assets/Prefabs/Spikes.prefab
  artifactKey: Guid(784b6a570eadceb4493690aaffdd29fa) Importer(815301076,1909f56bfc062723c751e8b465ee728b)
Start importing Assets/Prefabs/Spikes.prefab using Guid(784b6a570eadceb4493690aaffdd29fa) Importer(815301076,1909f56bfc062723c751e8b465ee728b)  -> (artifact id: 'f6897dd149751bd8556a0f7256881e84') in 0.104002 seconds
  Import took 0.107814 seconds .

========================================================================
Received Import Request.
  Time since last request: 0.416565 seconds.
  path: Assets/Prefabs/Spikes.prefab
  artifactKey: Guid(784b6a570eadceb4493690aaffdd29fa) Importer(815301076,1909f56bfc062723c751e8b465ee728b)
Start importing Assets/Prefabs/Spikes.prefab using Guid(784b6a570eadceb4493690aaffdd29fa) Importer(815301076,1909f56bfc062723c751e8b465ee728b)  -> (artifact id: '744b13b9e1284a0c635dd0170a0f141d') in 0.017413 seconds
  Import took 0.023789 seconds .

========================================================================
Received Import Request.
  Time since last request: 1.041290 seconds.
  path: Assets/Prefabs/Spikes.prefab
  artifactKey: Guid(784b6a570eadceb4493690aaffdd29fa) Importer(815301076,1909f56bfc062723c751e8b465ee728b)
Start importing Assets/Prefabs/Spikes.prefab using Guid(784b6a570eadceb4493690aaffdd29fa) Importer(815301076,1909f56bfc062723c751e8b465ee728b)  -> (artifact id: '1ae67f1f61035b02e8a53dc8dfddbff7') in 0.014257 seconds
  Import took 0.017265 seconds .

========================================================================
Received Import Request.
  Time since last request: 0.010721 seconds.
  path: Assets/Prefabs/Spikes.prefab
  artifactKey: Guid(784b6a570eadceb4493690aaffdd29fa) Importer(815301076,1909f56bfc062723c751e8b465ee728b)
Start importing Assets/Prefabs/Spikes.prefab using Guid(784b6a570eadceb4493690aaffdd29fa) Importer(815301076,1909f56bfc062723c751e8b465ee728b)  -> (artifact id: '1ae67f1f61035b02e8a53dc8dfddbff7') in 0.016824 seconds
  Import took 0.021418 seconds .

========================================================================
Received Import Request.
  Time since last request: 5.574564 seconds.
  path: Assets/Prefabs/Spikes.prefab
  artifactKey: Guid(784b6a570eadceb4493690aaffdd29fa) Importer(815301076,1909f56bfc062723c751e8b465ee728b)
Start importing Assets/Prefabs/Spikes.prefab using Guid(784b6a570eadceb4493690aaffdd29fa) Importer(815301076,1909f56bfc062723c751e8b465ee728b)  -> (artifact id: 'e9da211197ff01979977ca0befc2735f') in 0.016612 seconds
  Import took 0.020716 seconds .

========================================================================
Received Prepare
Registering precompiled user dll's ...
Registered in 0.001084 seconds.
Begin MonoManager ReloadAssembly
Native extension for WindowsStandalone target not found
Refreshing native plugins compatible for Editor in 0.31 ms, found 0 plugins.
Preloading 0 native plugins for Editor in 0.00 ms.
Invoked RoslynAnalysisRunner static constructor.
RoslynAnalysisRunner will not be running.
RoslynAnalysisRunner has terminated.
Mono: successfully reloaded assembly
- Completed reload, in  1.340 seconds
Platform modules already initialized, skipping
Refreshing native plugins compatible for Editor in 0.26 ms, found 0 plugins.
Preloading 0 native plugins for Editor in 0.00 ms.
Unloading 1117 Unused Serialized files (Serialized files now loaded: 0)
System memory in use before: 60.5 MB.
System memory in use after: 60.6 MB.

Unloading 4 unused Assets to reduce memory usage. Loaded Objects now: 1631.
Total: 2.302500 ms (FindLiveObjects: 0.380500 ms CreateObjectMapping: 0.066900 ms MarkObjects: 1.829200 ms  DeleteObjects: 0.020400 ms)

========================================================================
Received Prepare
Registering precompiled user dll's ...
Registered in 0.001403 seconds.
Begin MonoManager ReloadAssembly
Native extension for WindowsStandalone target not found
Refreshing native plugins compatible for Editor in 0.33 ms, found 0 plugins.
Preloading 0 native plugins for Editor in 0.00 ms.
Invoked RoslynAnalysisRunner static constructor.
RoslynAnalysisRunner will not be running.
RoslynAnalysisRunner has terminated.
Mono: successfully reloaded assembly
- Completed reload, in  1.397 seconds
Platform modules already initialized, skipping
Refreshing native plugins compatible for Editor in 0.36 ms, found 0 plugins.
Preloading 0 native plugins for Editor in 0.00 ms.
Unloading 1117 Unused Serialized files (Serialized files now loaded: 0)
System memory in use before: 60.5 MB.
System memory in use after: 60.6 MB.

Unloading 4 unused Assets to reduce memory usage. Loaded Objects now: 1634.
Total: 2.740800 ms (FindLiveObjects: 0.523300 ms CreateObjectMapping: 0.058500 ms MarkObjects: 2.132900 ms  DeleteObjects: 0.024500 ms)

========================================================================
Received Prepare
Registering precompiled user dll's ...
Registered in 0.001209 seconds.
Begin MonoManager ReloadAssembly
Native extension for WindowsStandalone target not found
Refreshing native plugins compatible for Editor in 0.35 ms, found 0 plugins.
Preloading 0 native plugins for Editor in 0.00 ms.
Invoked RoslynAnalysisRunner static constructor.
RoslynAnalysisRunner will not be running.
RoslynAnalysisRunner has terminated.
Mono: successfully reloaded assembly
- Completed reload, in  1.357 seconds
Platform modules already initialized, skipping
Refreshing native plugins compatible for Editor in 0.30 ms, found 0 plugins.
Preloading 0 native plugins for Editor in 0.00 ms.
Unloading 1117 Unused Serialized files (Serialized files now loaded: 0)
System memory in use before: 60.5 MB.
System memory in use after: 60.6 MB.

Unloading 4 unused Assets to reduce memory usage. Loaded Objects now: 1637.
Total: 2.497100 ms (FindLiveObjects: 0.343100 ms CreateObjectMapping: 0.075400 ms MarkObjects: 2.036900 ms  DeleteObjects: 0.039700 ms)

========================================================================
Received Prepare
Registering precompiled user dll's ...
Registered in 0.001135 seconds.
Begin MonoManager ReloadAssembly
Native extension for WindowsStandalone target not found
Refreshing native plugins compatible for Editor in 0.33 ms, found 0 plugins.
Preloading 0 native plugins for Editor in 0.00 ms.
Invoked RoslynAnalysisRunner static constructor.
RoslynAnalysisRunner will not be running.
RoslynAnalysisRunner has terminated.
Mono: successfully reloaded assembly
- Completed reload, in  1.349 seconds
Platform modules already initialized, skipping
Refreshing native plugins compatible for Editor in 0.31 ms, found 0 plugins.
Preloading 0 native plugins for Editor in 0.00 ms.
Unloading 1117 Unused Serialized files (Serialized files now loaded: 0)
System memory in use before: 60.5 MB.
System memory in use after: 60.6 MB.

Unloading 4 unused Assets to reduce memory usage. Loaded Objects now: 1640.
Total: 2.873000 ms (FindLiveObjects: 0.308100 ms CreateObjectMapping: 0.072600 ms MarkObjects: 2.458500 ms  DeleteObjects: 0.030100 ms)

========================================================================
Received Prepare
Registering precompiled user dll's ...
Registered in 0.002001 seconds.
Begin MonoManager ReloadAssembly
Native extension for WindowsStandalone target not found
Refreshing native plugins compatible for Editor in 0.31 ms, found 0 plugins.
Preloading 0 native plugins for Editor in 0.00 ms.
Invoked RoslynAnalysisRunner static constructor.
RoslynAnalysisRunner will not be running.
RoslynAnalysisRunner has terminated.
Mono: successfully reloaded assembly
- Completed reload, in  1.376 seconds
Platform modules already initialized, skipping
Refreshing native plugins compatible for Editor in 0.30 ms, found 0 plugins.
Preloading 0 native plugins for Editor in 0.00 ms.
Unloading 1117 Unused Serialized files (Serialized files now loaded: 0)
System memory in use before: 60.5 MB.
System memory in use after: 60.6 MB.

Unloading 4 unused Assets to reduce memory usage. Loaded Objects now: 1643.
Total: 2.715800 ms (FindLiveObjects: 0.267600 ms CreateObjectMapping: 0.058100 ms MarkObjects: 2.365900 ms  DeleteObjects: 0.022300 ms)

========================================================================
Received Prepare
Registering precompiled user dll's ...
Registered in 0.001120 seconds.
Begin MonoManager ReloadAssembly
Native extension for WindowsStandalone target not found
Refreshing native plugins compatible for Editor in 0.34 ms, found 0 plugins.
Preloading 0 native plugins for Editor in 0.00 ms.
Invoked RoslynAnalysisRunner static constructor.
RoslynAnalysisRunner will not be running.
RoslynAnalysisRunner has terminated.
Mono: successfully reloaded assembly
- Completed reload, in  1.345 seconds
Platform modules already initialized, skipping
Refreshing native plugins compatible for Editor in 0.29 ms, found 0 plugins.
Preloading 0 native plugins for Editor in 0.00 ms.
Unloading 1117 Unused Serialized files (Serialized files now loaded: 0)
System memory in use before: 60.5 MB.
System memory in use after: 60.6 MB.

Unloading 4 unused Assets to reduce memory usage. Loaded Objects now: 1646.
Total: 2.945200 ms (FindLiveObjects: 0.408900 ms CreateObjectMapping: 0.066200 ms MarkObjects: 2.438900 ms  DeleteObjects: 0.026600 ms)

========================================================================
Received Import Request.
  Time since last request: 2377.186432 seconds.
  path: Assets/Font
  artifactKey: Guid(deb25e2f6d2216440bf38a77ac1dfdb1) Importer(815301076,1909f56bfc062723c751e8b465ee728b)
Start importing Assets/Font using Guid(deb25e2f6d2216440bf38a77ac1dfdb1) Importer(815301076,1909f56bfc062723c751e8b465ee728b)  -> (artifact id: '88165673870fb770d7a6f5063278e8da') in 0.016136 seconds
  Import took 0.019484 seconds .

========================================================================
Received Import Request.
  Time since last request: 0.004184 seconds.
  path: Assets/Resources/Icons/1f3ae.png
  artifactKey: Guid(39e9a147bb3eced4ab5b82a84df774b0) Importer(815301076,1909f56bfc062723c751e8b465ee728b)
Start importing Assets/Resources/Icons/1f3ae.png using Guid(39e9a147bb3eced4ab5b82a84df774b0) Importer(815301076,1909f56bfc062723c751e8b465ee728b)  -> (artifact id: '1d14b0c1f7b46d38b69eac0b6fd8a319') in 0.079348 seconds
  Import took 0.082934 seconds .

========================================================================
Received Import Request.
  Time since last request: 0.007252 seconds.
  path: Assets/Scripts/Collectibles.cs
  artifactKey: Guid(f320352405e2f4e4d9a6b1159c9de05a) Importer(815301076,1909f56bfc062723c751e8b465ee728b)
Start importing Assets/Scripts/Collectibles.cs using Guid(f320352405e2f4e4d9a6b1159c9de05a) Importer(815301076,1909f56bfc062723c751e8b465ee728b)  -> (artifact id: 'fdaa999b46a8159c6eaabf79061ad413') in 0.021359 seconds
  Import took 0.025139 seconds .

========================================================================
Received Import Request.
  Time since last request: 0.019219 seconds.
  path: Assets/Resources/Icons/Leaves.png
  artifactKey: Guid(ea4eb54cafca4b9428d7c096f69deed7) Importer(815301076,1909f56bfc062723c751e8b465ee728b)
Start importing Assets/Resources/Icons/Leaves.png using Guid(ea4eb54cafca4b9428d7c096f69deed7) Importer(815301076,1909f56bfc062723c751e8b465ee728b)  -> (artifact id: '9bb2073d2b27b5c38a4e31a609230089') in 0.017671 seconds
  Import took 0.021687 seconds .

========================================================================
Received Import Request.
  Time since last request: 0.007605 seconds.
  path: Assets/Scripts/Restart.cs
  artifactKey: Guid(9e4cf276accd1864ab16bb60d0d26acc) Importer(815301076,1909f56bfc062723c751e8b465ee728b)
Start importing Assets/Scripts/Restart.cs using Guid(9e4cf276accd1864ab16bb60d0d26acc) Importer(815301076,1909f56bfc062723c751e8b465ee728b)  -> (artifact id: '5c2dcc92686d46742670e2087a3b66ee') in 0.010770 seconds
  Import took 0.015395 seconds .

========================================================================
Received Import Request.
  Time since last request: 0.007453 seconds.
  path: Assets/Scripts/Spawner.cs
  artifactKey: Guid(b5e9a8003d0b1934bb71b4f8eaa6b29d) Importer(815301076,1909f56bfc062723c751e8b465ee728b)
Start importing Assets/Scripts/Spawner.cs using Guid(b5e9a8003d0b1934bb71b4f8eaa6b29d) Importer(815301076,1909f56bfc062723c751e8b465ee728b)  -> (artifact id: '507b26ebb069a32df2f86397b9ac8c9e') in 0.007303 seconds
  Import took 0.010670 seconds .

========================================================================
Received Import Request.
  Time since last request: 0.003731 seconds.
  path: Assets/Scripts
  artifactKey: Guid(2065b2c015bbbc94daa4aabef6f44584) Importer(815301076,1909f56bfc062723c751e8b465ee728b)
Start importing Assets/Scripts using Guid(2065b2c015bbbc94daa4aabef6f44584) Importer(815301076,1909f56bfc062723c751e8b465ee728b)  -> (artifact id: '9165d5f4bb41d22e289f219e0d8d7443') in 0.010485 seconds
  Import took 0.014196 seconds .

========================================================================
Received Import Request.
  Time since last request: 0.012472 seconds.
  path: Assets/Resources/Icons/reset.png
  artifactKey: Guid(7aa3faa8702ed2d45b4bae5c39511876) Importer(815301076,1909f56bfc062723c751e8b465ee728b)
Start importing Assets/Resources/Icons/reset.png using Guid(7aa3faa8702ed2d45b4bae5c39511876) Importer(815301076,1909f56bfc062723c751e8b465ee728b)  -> (artifact id: '9bde0eb16c74e82edd76183baba34e19') in 0.016963 seconds
  Import took 0.020487 seconds .

========================================================================
Received Import Request.
  Time since last request: 0.007985 seconds.
  path: Assets/Scripts/PlayerControls.cs
  artifactKey: Guid(ab3fac5bcaaab794494402f8c7eed344) Importer(815301076,1909f56bfc062723c751e8b465ee728b)
Start importing Assets/Scripts/PlayerControls.cs using Guid(ab3fac5bcaaab794494402f8c7eed344) Importer(815301076,1909f56bfc062723c751e8b465ee728b)  -> (artifact id: '4c2b480fee8d92dd8e9ac594e919dc97') in 0.005324 seconds
  Import took 0.008747 seconds .

========================================================================
Received Import Request.
  Time since last request: 0.012844 seconds.
  path: Assets/Resources/Icons/score.png
  artifactKey: Guid(bedad306b2c9c7c45b3dede9288ba435) Importer(815301076,1909f56bfc062723c751e8b465ee728b)
Start importing Assets/Resources/Icons/score.png using Guid(bedad306b2c9c7c45b3dede9288ba435) Importer(815301076,1909f56bfc062723c751e8b465ee728b)  -> (artifact id: '9ee22690ec31255812e5c9bb19561b05') in 0.030105 seconds
  Import took 0.033564 seconds .

========================================================================
Received Import Request.
  Time since last request: 0.004465 seconds.
  path: Assets/Resources
  artifactKey: Guid(9957c630c9a0b2c47abbcf32c1e89d9a) Importer(815301076,1909f56bfc062723c751e8b465ee728b)
Start importing Assets/Resources using Guid(9957c630c9a0b2c47abbcf32c1e89d9a) Importer(815301076,1909f56bfc062723c751e8b465ee728b)  -> (artifact id: 'a18f13b3affdd36c55116b49ac243ffb') in 0.008500 seconds
  Import took 0.012219 seconds .

========================================================================
Received Import Request.
  Time since last request: 0.006909 seconds.
  path: Assets/Resources/Icons/collectables.png
  artifactKey: Guid(29f4a7575f7dbda4bbd9ca2de8852c66) Importer(815301076,1909f56bfc062723c751e8b465ee728b)
Start importing Assets/Resources/Icons/collectables.png using Guid(29f4a7575f7dbda4bbd9ca2de8852c66) Importer(815301076,1909f56bfc062723c751e8b465ee728b)  -> (artifact id: '1bac4159d36854ca9d5bf7ee6fd3ed47') in 0.017144 seconds
  Import took 0.021147 seconds .

========================================================================
Received Import Request.
  Time since last request: 0.007542 seconds.
  path: Assets/Scenes/SampleScene.unity
  artifactKey: Guid(9fc0d4010bbf28b4594072e72b8655ab) Importer(815301076,1909f56bfc062723c751e8b465ee728b)
Start importing Assets/Scenes/SampleScene.unity using Guid(9fc0d4010bbf28b4594072e72b8655ab) Importer(815301076,1909f56bfc062723c751e8b465ee728b)  -> (artifact id: '9466590b3ba4346a249939255c1ad350') in 0.011417 seconds
  Import took 0.015137 seconds .

========================================================================
Received Import Request.
  Time since last request: 0.006392 seconds.
  path: Assets/Scripts/Move.cs
  artifactKey: Guid(f73868909b453a44cb25fbf69078eb6d) Importer(815301076,1909f56bfc062723c751e8b465ee728b)
Start importing Assets/Scripts/Move.cs using Guid(f73868909b453a44cb25fbf69078eb6d) Importer(815301076,1909f56bfc062723c751e8b465ee728b)  -> (artifact id: '94775a919ba74ccb6953f65138b586a6') in 0.007490 seconds
  Import took 0.010751 seconds .

========================================================================
Received Import Request.
  Time since last request: 0.008545 seconds.
  path: Assets/Prefabs
  artifactKey: Guid(34c0f616e66f41240b0ac9dd4c801179) Importer(815301076,1909f56bfc062723c751e8b465ee728b)
Start importing Assets/Prefabs using Guid(34c0f616e66f41240b0ac9dd4c801179) Importer(815301076,1909f56bfc062723c751e8b465ee728b)  -> (artifact id: '2f083428785d65c5a863149add4d823c') in 0.009075 seconds
  Import took 0.012346 seconds .

========================================================================
Received Import Request.
  Time since last request: 0.011252 seconds.
  path: Assets/Scenes/MeanyBirdSettings.lighting
  artifactKey: Guid(29a9d800c939f7e478c5123c5bc6a6dd) Importer(815301076,1909f56bfc062723c751e8b465ee728b)
Start importing Assets/Scenes/MeanyBirdSettings.lighting using Guid(29a9d800c939f7e478c5123c5bc6a6dd) Importer(815301076,1909f56bfc062723c751e8b465ee728b) LightingSettings: switching bake backend from 1 to 0.
 -> (artifact id: '4315298d14f70dac04b81ef16156aadc') in 0.011432 seconds
  Import took 0.015503 seconds .

========================================================================
Received Import Request.
  Time since last request: 0.006879 seconds.
  path: Assets/Resources/Icons/img_542833.png
  artifactKey: Guid(0980736648babc64492f8d6eb0a59980) Importer(815301076,1909f56bfc062723c751e8b465ee728b)
Start importing Assets/Resources/Icons/img_542833.png using Guid(0980736648babc64492f8d6eb0a59980) Importer(815301076,1909f56bfc062723c751e8b465ee728b)  -> (artifact id: '1495018c8731aa02ea85205cbeb090b1') in 0.035537 seconds
  Import took 0.038824 seconds .

========================================================================
Received Import Request.
  Time since last request: 0.007260 seconds.
  path: Assets/Resources/Icons/pngkey.com-arrow-design-png-2456607.png
  artifactKey: Guid(a7730bab8c2b4eb4eab06a05fa5543a3) Importer(815301076,1909f56bfc062723c751e8b465ee728b)
Start importing Assets/Resources/Icons/pngkey.com-arrow-design-png-2456607.png using Guid(a7730bab8c2b4eb4eab06a05fa5543a3) Importer(815301076,1909f56bfc062723c751e8b465ee728b)  -> (artifact id: 'e6d459640636e9f783a5666f3e92018c') in 0.068908 seconds
  Import took 0.074244 seconds .

========================================================================
Received Import Request.
  Time since last request: 0.012736 seconds.
  path: Assets/Resources/Icons/DestroyOverTime.png
  artifactKey: Guid(151215a4c5ecdf840a1fbee697c505b6) Importer(815301076,1909f56bfc062723c751e8b465ee728b)
Start importing Assets/Resources/Icons/DestroyOverTime.png using Guid(151215a4c5ecdf840a1fbee697c505b6) Importer(815301076,1909f56bfc062723c751e8b465ee728b)  -> (artifact id: '9552772a8fb7eb205a071087ff2c4dff') in 0.017848 seconds
  Import took 0.022076 seconds .

========================================================================
Received Import Request.
  Time since last request: 0.004568 seconds.
  path: Assets/Background
  artifactKey: Guid(d3b9cbc907657c348abf0c485608a73a) Importer(815301076,1909f56bfc062723c751e8b465ee728b)
Start importing Assets/Background using Guid(d3b9cbc907657c348abf0c485608a73a) Importer(815301076,1909f56bfc062723c751e8b465ee728b)  -> (artifact id: '4faee373cd7639936ae36bc94bf421f5') in 0.003580 seconds
  Import took 0.007514 seconds .

========================================================================
Received Import Request.
  Time since last request: 0.006704 seconds.
  path: Assets/Scripts/Score.cs
  artifactKey: Guid(4e1540cede79cc1489af8e38c43e305b) Importer(815301076,1909f56bfc062723c751e8b465ee728b)
Start importing Assets/Scripts/Score.cs using Guid(4e1540cede79cc1489af8e38c43e305b) Importer(815301076,1909f56bfc062723c751e8b465ee728b)  -> (artifact id: 'd7a39229486feac9c63210a659f6e6ee') in 0.007313 seconds
  Import took 0.010972 seconds .

========================================================================
Received Import Request.
  Time since last request: 0.003988 seconds.
  path: Assets/Scenes
  artifactKey: Guid(cfd5a3a654928264ba42c1fe241538cf) Importer(815301076,1909f56bfc062723c751e8b465ee728b)
Start importing Assets/Scenes using Guid(cfd5a3a654928264ba42c1fe241538cf) Importer(815301076,1909f56bfc062723c751e8b465ee728b)  -> (artifact id: '06e641cfc81c57cb7cc0314607ee143e') in 0.006762 seconds
  Import took 0.010139 seconds .

========================================================================
Received Import Request.
  Time since last request: 0.006333 seconds.
  path: Assets/IW-MeanyBird.unity
  artifactKey: Guid(9e71b3288d2054b4f93a851375646206) Importer(815301076,1909f56bfc062723c751e8b465ee728b)
Start importing Assets/IW-MeanyBird.unity using Guid(9e71b3288d2054b4f93a851375646206) Importer(815301076,1909f56bfc062723c751e8b465ee728b)  -> (artifact id: 'd808b1c41a75e1837f3ee41f8355c190') in 0.005779 seconds
  Import took 0.008604 seconds .

========================================================================
Received Import Request.
  Time since last request: 0.012587 seconds.
  path: Assets/Scenes/MeanyBird.unity
  artifactKey: Guid(507facf3764a5d64887c56ec7596cb98) Importer(815301076,1909f56bfc062723c751e8b465ee728b)
Start importing Assets/Scenes/MeanyBird.unity using Guid(507facf3764a5d64887c56ec7596cb98) Importer(815301076,1909f56bfc062723c751e8b465ee728b)  -> (artifact id: '8af76b90d6202acb71390c0d6c88d6d0') in 0.013254 seconds
  Import took 0.018072 seconds .

========================================================================
Received Import Request.
  Time since last request: 0.005624 seconds.
  path: Assets/Scripts/DestroyAfterTime.cs
  artifactKey: Guid(23d74e7dfb8f3d64387e8062319d6a1b) Importer(815301076,1909f56bfc062723c751e8b465ee728b)
Start importing Assets/Scripts/DestroyAfterTime.cs using Guid(23d74e7dfb8f3d64387e8062319d6a1b) Importer(815301076,1909f56bfc062723c751e8b465ee728b)  -> (artifact id: '579a8460e1d2b8892030d4e03cddeb3e') in 0.014053 seconds
  Import took 0.019260 seconds .

========================================================================
Received Import Request.
  Time since last request: 0.007900 seconds.
  path: Assets/Scripts/GameController.cs
  artifactKey: Guid(7952644d1abcf2b43b5cbf364f169992) Importer(815301076,1909f56bfc062723c751e8b465ee728b)
Start importing Assets/Scripts/GameController.cs using Guid(7952644d1abcf2b43b5cbf364f169992) Importer(815301076,1909f56bfc062723c751e8b465ee728b)  -> (artifact id: '7a7049e31317d675300b83fc0768159a') in 0.012718 seconds
  Import took 0.016375 seconds .

========================================================================
Received Import Request.
  Time since last request: 0.010513 seconds.
  path: Assets/Resources/Icons/teleport.png
  artifactKey: Guid(16c31b1270e811f44b87f181efc9edcb) Importer(815301076,1909f56bfc062723c751e8b465ee728b)
Start importing Assets/Resources/Icons/teleport.png using Guid(16c31b1270e811f44b87f181efc9edcb) Importer(815301076,1909f56bfc062723c751e8b465ee728b)  -> (artifact id: 'f5fe19d4b0ad65303bfa1272f3103b5d') in 0.016615 seconds
  Import took 0.020542 seconds .

========================================================================
Received Import Request.
  Time since last request: 0.007998 seconds.
  path: Assets/Resources/Icons/boundaries.png
  artifactKey: Guid(774823e620ef6a64dab09d752fc623e2) Importer(815301076,1909f56bfc062723c751e8b465ee728b)
Start importing Assets/Resources/Icons/boundaries.png using Guid(774823e620ef6a64dab09d752fc623e2) Importer(815301076,1909f56bfc062723c751e8b465ee728b)  -> (artifact id: 'f6cf0ce58f4d9ce9f83d78ef281641d1') in 0.017359 seconds
  Import took 0.020849 seconds .

========================================================================
Received Import Request.
  Time since last request: 0.007721 seconds.
  path: Assets/Resources/Icons/how-to-create-a-png-1.png
  artifactKey: Guid(7d249436758a73e4bacd1038f09189fe) Importer(815301076,1909f56bfc062723c751e8b465ee728b)
Start importing Assets/Resources/Icons/how-to-create-a-png-1.png using Guid(7d249436758a73e4bacd1038f09189fe) Importer(815301076,1909f56bfc062723c751e8b465ee728b)  -> (artifact id: 'eaa4060f3dd6b1e62039a99f8438c3e3') in 0.017111 seconds
  Import took 0.021522 seconds .

========================================================================
Received Import Request.
  Time since last request: 0.003823 seconds.
  path: Assets/Sprites
  artifactKey: Guid(7e89f1e649971ac4da0443e7c384b2d5) Importer(815301076,1909f56bfc062723c751e8b465ee728b)
Start importing Assets/Sprites using Guid(7e89f1e649971ac4da0443e7c384b2d5) Importer(815301076,1909f56bfc062723c751e8b465ee728b)  -> (artifact id: '50136304a75e3e550983b748a302a054') in 0.006591 seconds
  Import took 0.010914 seconds .

AssetImportWorkerClient::OnTransportError - code=2 error=End of file
